mode: set
github.com/Jeremytjuh/Gotraining/TryingOut/mypack/mypack/mypack.go:8.44,9.33 1 1
github.com/Jeremytjuh/Gotraining/TryingOut/mypack/mypack/mypack.go:12.2,12.15 1 1
github.com/Jeremytjuh/Gotraining/TryingOut/mypack/mypack/mypack.go:9.33,11.3 1 1
github.com/Jeremytjuh/Gotraining/TryingOut/mypack/mypack/mypack.go:16.53,17.33 1 1
github.com/Jeremytjuh/Gotraining/TryingOut/mypack/mypack/mypack.go:20.2,20.15 1 1
github.com/Jeremytjuh/Gotraining/TryingOut/mypack/mypack/mypack.go:17.33,19.3 1 1
github.com/Jeremytjuh/Gotraining/TryingOut/mypack/mypack/mypack.go:25.50,27.37 2 1
github.com/Jeremytjuh/Gotraining/TryingOut/mypack/mypack/mypack.go:30.2,30.19 1 1
github.com/Jeremytjuh/Gotraining/TryingOut/mypack/mypack/mypack.go:27.37,29.3 1 1
github.com/Jeremytjuh/Gotraining/TryingOut/mypack/mypack/mypack.go:35.50,37.37 2 1
github.com/Jeremytjuh/Gotraining/TryingOut/mypack/mypack/mypack.go:40.2,40.19 1 1
github.com/Jeremytjuh/Gotraining/TryingOut/mypack/mypack/mypack.go:37.37,39.3 1 1
github.com/Jeremytjuh/Gotraining/TryingOut/mypack/mypack/mypack.go:44.37,46.2 1 1
github.com/Jeremytjuh/Gotraining/TryingOut/mypack/mypack/mypack.go:49.38,51.2 1 1
github.com/Jeremytjuh/Gotraining/TryingOut/mypack/mypack/mypack.go:55.69,56.19 1 1
github.com/Jeremytjuh/Gotraining/TryingOut/mypack/mypack/mypack.go:57.13,58.30 1 1
github.com/Jeremytjuh/Gotraining/TryingOut/mypack/mypack/mypack.go:59.13,60.27 1 1
github.com/Jeremytjuh/Gotraining/TryingOut/mypack/mypack/mypack.go:61.13,62.20 1 1
github.com/Jeremytjuh/Gotraining/TryingOut/mypack/mypack/mypack.go:63.12,64.28 1 1
github.com/Jeremytjuh/Gotraining/TryingOut/mypack/mypack/mypack.go:65.14,66.31 1 1
github.com/Jeremytjuh/Gotraining/TryingOut/mypack/mypack/mypack.go:67.13,68.34 1 1
github.com/Jeremytjuh/Gotraining/TryingOut/mypack/mypack/mypack.go:69.13,70.37 1 1
github.com/Jeremytjuh/Gotraining/TryingOut/mypack/mypack/mypack.go:71.10,72.16 1 1
